<?xml version="1.0" encoding="UTF-8"?>
<testng-results ignored="0" total="1" passed="1" failed="0" skipped="0">
  <reporter-output>
  </reporter-output>
  <suite started-at="2021-11-11T12:44:06 IST" name="Default suite" finished-at="2021-11-11T12:44:06 IST" duration-ms="84">
    <groups>
    </groups>
    <test started-at="2021-11-11T12:44:06 IST" name="Default test" finished-at="2021-11-11T12:44:06 IST" duration-ms="84">
      <class name="gitPractice.Demo1">
        <test-method signature="demo1()[pri:0, instance:gitPractice.Demo1@2beee7ff]" started-at="2021-11-11T12:44:06 IST" name="demo1" finished-at="2021-11-11T12:44:06 IST" duration-ms="16" status="PASS">
          <reporter-output>
          </reporter-output>
        </test-method> <!-- demo1 -->
      </class> <!-- gitPractice.Demo1 -->
    </test> <!-- Default test -->
  </suite> <!-- Default suite -->
</testng-results>
